2025-12-04 20:39:33,936 - __main__ - INFO - 
======================================================================
2025-12-04 20:39:33,937 - __main__ - INFO - PHASE 1: EXTRACTION DONNÉES RÉELLES - START
2025-12-04 20:39:33,937 - __main__ - INFO - Sources: Articles publiques + données structurées
2025-12-04 20:39:33,938 - __main__ - INFO - Période: 2023-2024
2025-12-04 20:39:33,938 - __main__ - INFO - ======================================================================
2025-12-04 20:39:33,938 - __main__ - INFO - 
======================================================================
2025-12-04 20:39:33,939 - __main__ - INFO - EXTRACTION: Port Autonome de Cotonou (PAC)
2025-12-04 20:39:33,940 - __main__ - INFO - ======================================================================
2025-12-04 20:39:35,009 - __main__ - INFO - 
======================================================================
2025-12-04 20:39:35,009 - __main__ - INFO - EXTRACTION: Port of Tema (Ghana)
2025-12-04 20:39:35,010 - __main__ - INFO - ======================================================================
2025-12-04 20:39:36,031 - __main__ - INFO - 
======================================================================
2025-12-04 20:39:36,032 - __main__ - INFO - EXTRACTION: Port Autonome de Lomé (Togo)
2025-12-04 20:39:36,033 - __main__ - INFO - ======================================================================
2025-12-04 20:39:37,055 - __main__ - INFO - 
======================================================================
2025-12-04 20:39:37,056 - __main__ - INFO - EXTRACTION: Port Autonome d'Abidjan (Côte d'Ivoire)
2025-12-04 20:39:37,056 - __main__ - INFO - ======================================================================
2025-12-04 20:39:38,068 - __main__ - INFO - 
======================================================================
2025-12-04 20:39:38,070 - __main__ - INFO - EXTRACTION: Lagos Port Complex (Nigeria)
2025-12-04 20:39:38,071 - __main__ - INFO - ======================================================================
2025-12-04 20:39:39,158 - __main__ - INFO - 
======================================================================
2025-12-04 20:39:39,159 - __main__ - INFO - VALIDATION DONNÉES
2025-12-04 20:39:39,159 - __main__ - INFO - ======================================================================
2025-12-04 20:39:39,186 - __main__ - INFO - 
  PAC:
2025-12-04 20:39:39,186 - __main__ - INFO -     - Enregistrements: 3
2025-12-04 20:39:39,187 - __main__ - INFO -     - Années: [np.int64(2019), np.int64(2023), np.int64(2024)]
2025-12-04 20:39:39,188 - __main__ - INFO -     - Tonnage: 3 points
2025-12-04 20:39:39,189 - __main__ - INFO -     - TEU: 0 points
2025-12-04 20:39:39,190 - __main__ - INFO -     - Quality flags: {'VERIFIED': 2, 'ESTIMATED': 1}
2025-12-04 20:39:39,192 - __main__ - INFO - 
  TEMA:
2025-12-04 20:39:39,192 - __main__ - INFO -     - Enregistrements: 3
2025-12-04 20:39:39,193 - __main__ - INFO -     - Années: [np.int64(2022), np.int64(2023), np.int64(2024)]
2025-12-04 20:39:39,194 - __main__ - INFO -     - Tonnage: 0 points
2025-12-04 20:39:39,195 - __main__ - INFO -     - TEU: 3 points
2025-12-04 20:39:39,200 - __main__ - INFO -     - Quality flags: {'VERIFIED': 2, 'ESTIMATED': 1}
2025-12-04 20:39:39,205 - __main__ - INFO - 
  LOME:
2025-12-04 20:39:39,206 - __main__ - INFO -     - Enregistrements: 3
2025-12-04 20:39:39,207 - __main__ - INFO -     - Années: [np.int64(2022), np.int64(2023), np.int64(2024)]
2025-12-04 20:39:39,207 - __main__ - INFO -     - Tonnage: 3 points
2025-12-04 20:39:39,209 - __main__ - INFO -     - TEU: 1 points
2025-12-04 20:39:39,210 - __main__ - INFO -     - Quality flags: {'VERIFIED': 3}
2025-12-04 20:39:39,211 - __main__ - INFO - 
  ABIDJAN:
2025-12-04 20:39:39,214 - __main__ - INFO -     - Enregistrements: 3
2025-12-04 20:39:39,214 - __main__ - INFO -     - Années: [np.int64(2020), np.int64(2022), np.int64(2023)]
2025-12-04 20:39:39,215 - __main__ - INFO -     - Tonnage: 3 points
2025-12-04 20:39:39,216 - __main__ - INFO -     - TEU: 1 points
2025-12-04 20:39:39,218 - __main__ - INFO -     - Quality flags: {'VERIFIED': 2, 'ESTIMATED': 1}
2025-12-04 20:39:39,219 - __main__ - INFO - 
  LAGOS:
2025-12-04 20:39:39,220 - __main__ - INFO -     - Enregistrements: 2
2025-12-04 20:39:39,221 - __main__ - INFO -     - Années: [np.int64(2023), np.int64(2024)]
2025-12-04 20:39:39,222 - __main__ - INFO -     - Tonnage: 2 points
2025-12-04 20:39:39,223 - __main__ - INFO -     - TEU: 2 points
2025-12-04 20:39:39,224 - __main__ - INFO -     - Quality flags: {'ESTIMATED': 2}
2025-12-04 20:39:39,253 - __main__ - INFO - None
2025-12-04 20:39:39,288 - __main__ - INFO - 
======================================================================
2025-12-04 20:39:39,298 - __main__ - INFO - ======================================================================
2025-12-04 20:39:39,299 - __main__ - INFO - 
Livrables:
2025-12-04 20:39:39,299 - __main__ - INFO -   1. data/raw/all_ports_raw.csv - 14 lignes
2025-12-04 20:39:39,299 - __main__ - INFO -   2. data/raw/metadata_extraction.json
2025-12-04 20:39:39,300 - __main__ - INFO -   3. extraction_phase1.log
2025-12-04 20:39:39,300 - __main__ - INFO - 
Prochaine étape: PHASE 2 - Stockage PostgreSQL
